ERROR:root:Slave in socket localhost:18861 not availiable
ERROR:root:Slave in socket localhost:18861 not availiable
ERROR:root:Slave in socket localhost:18861 not availiable
ERROR:root:Slave in socket localhost:18861 not availiable
ERROR:root:Slave in socket localhost:18861 not availiable
ERROR:root:Slave in socket localhost:18861 not availiable
ERROR:root:Slave in socket localhost:18861 not availiable
ERROR:root:Slave in socket localhost:18861 not availiable
ERROR:root:Slave in socket localhost:18861 not availiable
ERROR:root:Slave in socket localhost:18861 not availiable
ERROR:root:Slave in socket localhost:18861 not availiable
ERROR:root:Slave in socket localhost:18861 not availiable
ERROR:root:Slave in socket localhost:18861 not availiable
ERROR:root:Slave in socket localhost:18861 not availiable
INFO:root:Slave in socket localhost:18861 connection succeded
INFO:root:Slave in socket localhost:18861 connection succeded
INFO:root:Slave in socket localhost:18861 connection succeded
INFO:root:Slave in socket localhost:18861 connection succeded
INFO:root:Slave in socket localhost:18861 connection succeded
INFO:root:Slave in socket localhost:18861 connection succeded
INFO:root:Slave in socket localhost:18861 connection succeded
INFO:root:Slave in socket localhost:18861 connection succeded
INFO:root:Slave in socket localhost:18861 connection succeded
INFO:root:Slave in socket localhost:18861 connection succeded
INFO:root:Slave in socket localhost:18861 connection succeded
INFO:root:Slave in socket localhost:18861 connection succeded
INFO:root:Slave in socket localhost:18861 connection succeded
INFO:root:Slave in socket localhost:18861 connection succeded
INFO:root:Slave in socket localhost:18861 connection succeded
INFO:root:Slave in socket localhost:18861 connection succeded
INFO:root:Slave in socket localhost:18861 connection succeded
INFO:root:Slave in socket localhost:18861 connection succeded
INFO:root:Slave in socket localhost:18861 connection succeded
INFO:root:Slave in socket localhost:18861 connection succeded
INFO:root:Slave in socket localhost:18861 connection succeded
INFO:root:Slave in socket localhost:18861 connection succeded
INFO:root:Slave in socket localhost:18861 connection succeded
INFO:root:Slave in socket localhost:18861 connection succeded
INFO:root:Slave in socket localhost:18861 connection succeded
ERROR:root:Slave in socket localhost:18861 not availiable
ERROR:root:Slave in socket localhost:18861 not availiable
ERROR:root:Slave in socket localhost:18861 not availiable
ERROR:root:Slave in socket localhost:18861 not availiable
ERROR:root:Slave in socket localhost:18861 not availiable
ERROR:root:Slave in socket localhost:18861 not availiable
ERROR:root:Slave in socket localhost:18861 not availiable
ERROR:root:Slave in socket localhost:18861 not availiable
ERROR:root:Slave in socket localhost:18861 not availiable
ERROR:root:Slave in socket localhost:18861 not availiable
ERROR:root:Slave in socket localhost:18861 not availiable
ERROR:root:Slave in socket localhost:18861 not availiable
ERROR:root:Slave in socket localhost:18861 not availiable
ERROR:root:Slave in socket localhost:18861 not availiable
ERROR:root:Slave in socket localhost:18861 not availiable
ERROR:root:Slave in socket localhost:18861 not availiable
ERROR:root:Slave in socket localhost:18861 not availiable
ERROR:root:Slave in socket localhost:18861 not availiable
ERROR:root:Slave in socket localhost:18861 not availiable
ERROR:root:Slave in socket localhost:18861 not availiable
ERROR:root:Slave in socket localhost:18861 not availiable
ERROR:root:Slave in socket localhost:18861 not availiable
ERROR:root:Slave in socket localhost:18861 not availiable
ERROR:root:Slave in socket localhost:18861 not availiable
ERROR:root:Slave in socket localhost:18861 not availiable
ERROR:root:Slave in socket localhost:18861 not availiable
INFO:root:Get time event
INFO:root:Slave in socket localhost:18861 connection succeded
INFO:SLAVE/18861:accepted ('127.0.0.1', 50268) with fd 720
INFO:SLAVE/18861:welcome ('127.0.0.1', 50268)
INFO:root:Get time event
INFO:root:Slave in socket localhost:18861 connection succeded
INFO:SLAVE/18861:accepted ('127.0.0.1', 50274) with fd 420
INFO:SLAVE/18861:welcome ('127.0.0.1', 50274)
INFO:root:Get time event
INFO:root:Slave in socket localhost:18861 connection succeded
INFO:SLAVE/18861:accepted ('127.0.0.1', 50282) with fd 792
INFO:SLAVE/18861:welcome ('127.0.0.1', 50282)
INFO:root:Get time event
INFO:root:Slave in socket localhost:18861 connection succeded
ERROR:root:Slave in socket localhost:18861 not availiable
ERROR:root:Slave in socket localhost:18861 not availiable
ERROR:root:Slave in socket localhost:18861 not availiable
INFO:root:Slave in socket localhost:18861 connection succeded
INFO:root:Slave in socket localhost:18861 connection succeded
INFO:root:Slave in socket localhost:18861 connection succeded
INFO:root:Slave in socket localhost:18861 connection succeded
INFO:root:Slave in socket localhost:18861 connection succeded
INFO:root:Slave in socket localhost:18861 connection succeded
INFO:root:Slave in socket localhost:18861 connection succeded
INFO:root:Slave in socket localhost:18861 connection succeded
INFO:root:Slave in socket localhost:18861 connection succeded
INFO:root:Slave in socket localhost:18861 connection succeded
INFO:root:Slave in socket localhost:18861 connection succeded
INFO:root:Slave in socket localhost:18861 connection succeded
INFO:root:Slave in socket localhost:18861 connection succeded
INFO:root:Slave in socket localhost:18861 connection succeded
INFO:root:Slave in socket localhost:18861 connection succeded
INFO:root:Slave in socket localhost:18861 connection succeded
INFO:root:Slave in socket localhost:18861 connection succeded
INFO:root:Slave in socket localhost:18861 connection succeded
INFO:root:Slave in socket localhost:18861 connection succeded
INFO:root:Slave in socket localhost:18861 connection succeded
INFO:root:Slave in socket localhost:18861 connection succeded
